\BOOKMARK [0][]{chapter.1}{\376\377\0001\000\040\116\316\226\366\137\000\131\313}{}% 1
\BOOKMARK [1][]{section.1.1}{\376\377\0001\000.\0001\000\040\122\115\212\000}{chapter.1}% 2
\BOOKMARK [1][]{section.1.2}{\376\377\0001\000.\0002\000\040\116\000\116\233\127\372\147\054\151\202\137\365\116\016\147\072\122\066}{chapter.1}% 3
\BOOKMARK [0][]{chapter.2}{\376\377\0002\000\040\165\065\215\357\127\372\170\100}{}% 4
\BOOKMARK [1][]{section.2.1}{\376\377\0002\000.\0001\000\040\165\065\156\220\000/\165\065\176\277\000/\165\050\165\065\126\150}{chapter.2}% 5
\BOOKMARK [1][]{section.2.2}{\376\377\0002\000.\0002\000\040\165\065\156\220\213\346\211\343}{chapter.2}% 6
\BOOKMARK [1][]{section.2.3}{\376\377\0002\000.\0003\000\040\165\050\165\065\126\150\213\346\211\343}{chapter.2}% 7
\BOOKMARK [1][]{section.2.4}{\376\377\0002\000.\0004\000\040\220\073\217\221\225\350\160\157\000/\220\073\217\221\225\350}{chapter.2}% 8
\BOOKMARK [1][]{section.2.5}{\376\377\0002\000.\0005\000\040\145\105\226\234\220\073\217\221\225\350}{chapter.2}% 9
\BOOKMARK [0][]{chapter.3}{\376\377\0003\000\040\220\073\217\221\176\323\173\227}{}% 10
\BOOKMARK [1][]{section.3.1}{\376\377\0003\000.\0001\000\040\165\050\000\040\000M\000e\000c\000h\000S\000c\000o\000p\000e\000\040\152\041\176\304\170\024\172\166\165\065\215\357\176\323\173\227\217\307\172\013}{chapter.3}% 11
\BOOKMARK [1][]{section.3.2}{\376\377\0003\000.\0002\000\040\220\073\217\221\136\366\217\337\126\150}{chapter.3}% 12
\BOOKMARK [1][]{section.3.3}{\376\377\0003\000.\0003\000\040\146\156\220\032\220\073\217\221\225\350\166\204\220\073\217\221\124\014\153\145}{chapter.3}% 13
\BOOKMARK [1][]{section.3.4}{\376\377\0003\000.\0004\000\040\162\006\225\350}{chapter.3}% 14
\BOOKMARK [1][]{section.3.5}{\376\377\0003\000.\0005\000\040\162\266\140\001\210\150\171\072\116\016\157\300\155\073\210\150\171\072}{chapter.3}% 15
\BOOKMARK [1][]{section.3.6}{\376\377\0003\000.\0006\000\040\133\306\170\001\225\350}{chapter.3}% 16
\BOOKMARK [1][]{section.3.7}{\376\377\0003\000.\0007\000\040\226\217\147\072\122\006\116\044\176\304}{chapter.3}% 17
\BOOKMARK [1][]{section.3.8}{\376\377\0003\000.\0008\000\040\226\217\147\072\122\006\116\011\176\304}{chapter.3}% 18
\BOOKMARK [1][]{section.3.9}{\376\377\0003\000.\0009\000\040\116\214\217\333\122\066\122\240\121\317\154\325\213\241\173\227\126\150}{chapter.3}% 19
\BOOKMARK [1][]{section.3.10}{\376\377\0003\000.\0001\0000\000\040\146\364\176\306\201\364\166\204\176\323\173\227\230\172\136\217}{chapter.3}% 20
\BOOKMARK [1][]{section.3.11}{\376\377\0003\000.\0001\0001\000\040\140\035\200\003\230\230}{chapter.3}% 21
\BOOKMARK [0][]{chapter.4}{\376\377\0004\000\040\145\160\133\127\165\065\215\357}{}% 22
\BOOKMARK [1][]{section.4.1}{\376\377\0004\000.\0001\000\040\136\003\134\024\116\343\145\160}{chapter.4}% 23
\BOOKMARK [1][]{section.4.2}{\376\377\0004\000.\0002\000\040\176\304\124\010\220\073\217\221\116\016\145\366\136\217\220\073\217\221}{chapter.4}% 24
\BOOKMARK [1][]{section.4.3}{\376\377\0004\000.\0003\000\040\213\241\145\160\174\373\176\337}{chapter.4}% 25
\BOOKMARK [1][]{section.4.4}{\376\377\0004\000.\0004\000\040\220\073\217\221\165\065\215\357\166\204\217\320\173\227\220\037\136\246}{chapter.4}% 26
\BOOKMARK [1][]{section.4.5}{\376\377\0004\000.\0005\000\040\173\227\147\057\165\065\215\357}{chapter.4}% 27
\BOOKMARK [1][]{section.4.6}{\376\377\0004\000.\0006\000\040\133\130\120\250\165\065\215\357}{chapter.4}% 28
\BOOKMARK [1][]{section.4.7}{\376\377\0004\000.\0007\000\040\122\006\153\265\146\076\171\072\126\150\123\026\173\200\164\006\213\272}{chapter.4}% 29
\BOOKMARK [1][]{section.4.8}{\376\377\0004\000.\0008\000\040\131\004\164\006\126\150\176\323\147\204}{chapter.4}% 30
\BOOKMARK [0][]{chapter.5}{\376\377\0005\000\040\165\065\215\357\145\207\150\143}{}% 31
\BOOKMARK [1][]{section.5.1}{\376\377\0005\000.\0001\000\040\117\040\141\037\126\150}{chapter.5}% 32
\BOOKMARK [1][]{section.5.2}{\376\377\0005\000.\0002\000\040\220\022\153\041\165\065\215\357}{chapter.5}% 33
\BOOKMARK [1][]{section.5.3}{\376\377\0005\000.\0003\000\040\226\115\230\221\165\065\215\357}{chapter.5}% 34
\BOOKMARK [1][]{section.5.4}{\376\377\0005\000.\0004\000\040\145\160\133\127\146\076\171\072}{chapter.5}% 35
\BOOKMARK [1][]{section.5.5}{\376\377\0005\000.\0005\000\040\226\217\147\072\165\065\215\357}{chapter.5}% 36
\BOOKMARK [1][]{section.5.6}{\376\377\0005\000.\0006\000\040\144\315\176\265\147\177}{chapter.5}% 37
\BOOKMARK [1][]{section.5.7}{\376\377\0005\000.\0007\000\040\120\317\175\040\166\322\146\076\171\072\126\150}{chapter.5}% 38
\BOOKMARK [1][]{section.5.8}{\376\377\0005\000.\0008\000\040\167\351\226\065\146\076\171\072\126\150}{chapter.5}% 39
\BOOKMARK [1][]{section.5.9}{\376\377\0005\000.\0009\000\040\173\227\147\057\165\065\215\357}{chapter.5}% 40
\BOOKMARK [1][]{section.5.10}{\376\377\0005\000.\0001\0000\000\040\133\130\120\250\126\150}{chapter.5}% 41
\BOOKMARK [0][]{chapter.6}{\376\377\0006\000\040\146\364\131\032\165\065\215\357\116\023\230\230}{}% 42
\BOOKMARK [1][]{section.6.1}{\376\377\0006\000.\0001\000\040\232\161\122\250\116\016\136\366\145\366\126\150}{chapter.6}% 43
\BOOKMARK [1][]{section.6.2}{\376\377\0006\000.\0002\000\040\117\040\141\037\126\150}{chapter.6}% 44
\BOOKMARK [1][]{section.6.3}{\376\377\0006\000.\0003\000\040\177\121\176\277}{chapter.6}% 45
\BOOKMARK [1][]{section.6.4}{\376\377\0006\000.\0004\000\040\117\040\220\001\226\065}{chapter.6}% 46
\BOOKMARK [1][]{section.6.5}{\376\377\0006\000.\0005\000\040\146\076\171\072\126\150}{chapter.6}% 47
\BOOKMARK [1][]{section.6.6}{\376\377\0006\000.\0006\000\040\201\352\122\250\123\026}{chapter.6}% 48
\BOOKMARK [1][]{section.6.7}{\376\377\0006\000.\0007\000\040\140\035\200\003\230\230}{chapter.6}% 49
\BOOKMARK [0][]{chapter.7}{\376\377\0007\000\040\121\234\127\072}{}% 50
\BOOKMARK [1][]{section.7.1}{\376\377\0007\000.\0001\000\040\154\064\146\166\170\216\127\127\121\234\127\072}{chapter.7}% 51
\BOOKMARK [1][]{section.7.2}{\376\377\0007\000.\0002\000\040\121\150\201\352\122\250\150\021\127\072}{chapter.7}% 52
\BOOKMARK [1][]{section.7.3}{\376\377\0007\000.\0003\000\040\165\037\124\175\147\234\000/\116\026\202\261\121\234\127\072}{chapter.7}% 53
\BOOKMARK [1][]{section.7.4}{\376\377\0007\000.\0004\000\040\155\262\117\123\123\315\136\224\154\140}{chapter.7}% 54
\BOOKMARK [1][]{section.7.5}{\376\377\0007\000.\0005\000\040\147\176\227\062\206\153\121\234\127\072}{chapter.7}% 55
\BOOKMARK [1][]{section.7.6}{\376\377\0007\000.\0006\000\040\221\307\154\231\127\072}{chapter.7}% 56
\BOOKMARK [1][]{section.7.7}{\376\377\0007\000.\0007\000\040\131\051\150\257\171\136\145\131}{chapter.7}% 57
\BOOKMARK [1][]{section.7.8}{\376\377\0007\000.\0008\000\040\123\127\164\334\171\136\145\131}{chapter.7}% 58
\BOOKMARK [1][]{section.7.9}{\376\377\0007\000.\0009\000\040\121\150\201\352\122\250\147\010\116\256\116\213\116\366}{chapter.7}% 59
\BOOKMARK [1][]{section.7.10}{\376\377\0007\000.\0001\0000\000\040\000D\000P\000S\176\252\137\125}{chapter.7}% 60
\BOOKMARK [1][]{section.7.11}{\376\377\0007\000.\0001\0001\000\040\220\037\136\246\176\252\137\125}{chapter.7}% 61
\BOOKMARK [1][]{section.7.12}{\376\377\0007\000.\0001\0002\000\040\000B\000o\000s\000s\220\037\147\100\127\072\127\060}{chapter.7}% 62
\BOOKMARK [0][]{appendix.A}{\376\377\000A\000\040\163\257\130\203\122\044\133\232}{}% 63
\BOOKMARK [0][]{appendix.B}{\376\377\000B\000\040\122\067\140\052\147\072\122\066}{}% 64
\BOOKMARK [1][]{section.B.1}{\376\377\000B\000.\0001\000\040\122\067\140\052\163\207\124\214\122\067\140\052\221\317}{appendix.B}% 65
\BOOKMARK [1][]{section.B.2}{\376\377\000B\000.\0002\000\040\122\067\140\052\160\271\124\214\122\067\140\052\227\142}{appendix.B}% 66
\BOOKMARK [1][]{section.B.3}{\376\377\000B\000.\0003\000\040\122\067\140\052\174\173\127\213}{appendix.B}% 67
\BOOKMARK [1][]{section.B.4}{\376\377\000B\000.\0004\000\040\122\067\140\052\131\061\215\045}{appendix.B}% 68
\BOOKMARK [1][]{section.B.5}{\376\377\000B\000.\0005\000\040\122\067\140\052\171\315\174\173}{appendix.B}% 69
\BOOKMARK [1][]{section.B.6}{\376\377\000B\000.\0006\000\040\123\362\203\261\131\306\226\350\122\067\140\052}{appendix.B}% 70
\BOOKMARK [1][]{section.B.7}{\376\377\000B\000.\0007\000\040\162\171\153\212\122\044\133\232}{appendix.B}% 71
\BOOKMARK [0][]{appendix.C}{\376\377\000C\000\040\000N\000P\000C\145\340\145\114\136\047\147\072\122\066}{}% 72
\BOOKMARK [1][]{section.C.1}{\376\377\000C\000.\0001\000\040\137\025\121\145}{appendix.C}% 73
\BOOKMARK [1][]{section.C.2}{\376\377\000C\000.\0002\000\040\213\364\146\016}{appendix.C}% 74
\BOOKMARK [1][]{section.C.3}{\376\377\000C\000.\0003\000\040\134\004\137\071\220\040\142\020\166\204\145\340\145\114\136\047}{appendix.C}% 75
\BOOKMARK [1][]{section.C.4}{\376\377\000C\000.\0004\000\040\217\321\142\030\153\146\126\150\220\040\142\020\166\204\145\340\145\114\136\047}{appendix.C}% 76
\BOOKMARK [1][]{section.C.5}{\376\377\000C\000.\0005\000\040\226\366\145\143\121\205\133\271}{appendix.C}% 77
\BOOKMARK [0][]{appendix.D}{\376\377\000D\000\040\155\262\117\123}{}% 78
\BOOKMARK [1][]{section.D.1}{\376\377\000D\000.\0001\000\040\121\150\126\376\155\262\117\123\122\067\145\260}{appendix.D}% 79
\BOOKMARK [1][]{section.D.2}{\376\377\000D\000.\0002\000\040\134\006\147\320\150\074\122\240\121\145\155\073\215\303\155\262\117\123\145\160\176\304}{appendix.D}% 80
\BOOKMARK [1][]{section.D.3}{\376\377\000D\000.\0003\000\040\123\125\150\074\155\073\215\303\155\262\117\123\122\067\145\260}{appendix.D}% 81
\BOOKMARK [1][]{section.D.4}{\376\377\000D\000.\0004\000\040\161\224\134\251\123\315\136\224\122\044\133\232}{appendix.D}% 82
\BOOKMARK [1][]{section.D.5}{\376\377\000D\000.\0005\000\040\134\006\147\320\150\074\116\316\155\073\215\303\155\262\117\123\145\160\176\304\116\055\122\040\226\144}{appendix.D}% 83
\BOOKMARK [0][]{appendix.E}{\376\377\000E\000\040\154\360\142\311\164\136\116\232\116\055\166\204\136\070\165\050\123\330\221\317\116\016\162\171\153\212\226\306\124\010}{}% 84
\BOOKMARK [1][]{section.E.1}{\376\377\000E\000.\0001\000\040\136\070\165\050\123\330\221\317}{appendix.E}% 85
\BOOKMARK [1][]{section.E.2}{\376\377\000E\000.\0002\000\040\126\376\150\074\226\306\124\010}{appendix.E}% 86
\BOOKMARK [1][]{section.E.3}{\376\377\000E\000.\0003\000\040\200\314\146\157\130\231\226\306\124\010}{appendix.E}% 87
\BOOKMARK [1][]{section.E.4}{\376\377\000E\000.\0004\000\040\000N\000P\000C\226\306\124\010}{appendix.E}% 88
\BOOKMARK [0][]{appendix.F}{\376\377\000F\000\040\136\070\165\050\135\345\121\167\116\016\177\121\127\100}{}% 89
\BOOKMARK [1][]{section.F.1}{\376\377\000F\000.\0001\000\040\000W\000i\000k\000i}{appendix.F}% 90
\BOOKMARK [1][]{section.F.2}{\376\377\000F\000.\0002\000\040\213\272\127\133}{appendix.F}% 91
\BOOKMARK [1][]{section.F.3}{\376\377\000F\000.\0003\000\040\127\060\126\376\177\026\217\221\126\150}{appendix.F}% 92
\BOOKMARK [1][]{section.F.4}{\376\377\000F\000.\0004\000\040\152\041\176\304}{appendix.F}% 93
\BOOKMARK [1][]{section.F.5}{\376\377\000F\000.\0005\000\040\156\220\170\001}{appendix.F}% 94
\BOOKMARK [0][]{appendix.G}{\376\377\000G\000\040\117\140\136\224\213\345\167\345\220\123\166\204\236\321\171\321\142\200}{}% 95
\BOOKMARK [1][]{section.G.1}{\376\377\000G\000.\0001\000\040\000T\000N\000T\171\136\145\131}{appendix.G}% 96
\BOOKMARK [1][]{section.G.2}{\376\377\000G\000.\0002\000\040\117\040\220\001\126\150\155\156\172\172}{appendix.G}% 97
\BOOKMARK [1][]{section.G.3}{\376\377\000G\000.\0003\000\040\117\040\220\001\147\252\122\240\220\037}{appendix.G}% 98
\BOOKMARK [0][]{appendix.H}{\376\377\000H\000\040\232\330\215\050\221\317\165\065\215\357\117\134\124\301\211\306\230\221}{}% 99
\BOOKMARK [1][]{section.H.1}{\376\377\000H\000.\0001\000\040\211\306\211\311\145\110\147\234}{appendix.H}% 100
\BOOKMARK [1][]{section.H.2}{\376\377\000H\000.\0002\000\040\211\343\214\034\121\222\226\151}{appendix.H}% 101
\BOOKMARK [1][]{section.H.3}{\376\377\000H\000.\0003\000\040\122\067\140\052\122\067\162\151\124\301}{appendix.H}% 102
\BOOKMARK [0][]{appendix.I}{\376\377\000I\000\040\137\205\133\236\163\260\166\204\165\065\215\357\142\026\210\305\177\156}{}% 103
\BOOKMARK [1][]{section.I.1}{\376\377\000I\000.\0001\000\040\165\065\133\120\224\237}{appendix.I}% 104
\BOOKMARK [1][]{section.I.2}{\376\377\000I\000.\0002\000\040\170\156\133\232\147\011\226\120\162\266\140\001\201\352\122\250\147\072}{appendix.I}% 105
\BOOKMARK [1][]{section.I.3}{\376\377\000I\000.\0003\000\040\117\304\177\127\145\257\145\271\127\127}{appendix.I}% 106
\BOOKMARK [1][]{section.I.4}{\376\377\000I\000.\0004\000\040\215\052\124\003\206\307}{appendix.I}% 107
\BOOKMARK [1][]{section.I.5}{\376\377\000I\000.\0005\000\040\233\124\145\271}{appendix.I}% 108
\BOOKMARK [1][]{section.I.6}{\376\377\000I\000.\0006\000\040\000F\000l\000a\000p\000p\000y\000\040\000B\000i\000r\000d}{appendix.I}% 109
\BOOKMARK [1][]{section.I.7}{\376\377\000I\000.\0007\000\040\0002\0000\0004\0008}{appendix.I}% 110
\BOOKMARK [1][]{section.I.8}{\376\377\000I\000.\0008\000\040\213\241\173\227\147\072}{appendix.I}% 111
\BOOKMARK [0][]{appendix.J}{\376\377\000J\000\040\121\267\123\164\145\366\225\364\147\072\122\066}{}% 112
\BOOKMARK [0][]{appendix.K}{\376\377\000K\000\040\147\072\121\163\134\004\137\071\166\204\165\037\142\020\124\214\122\067\145\260\147\072\122\066}{}% 113
\BOOKMARK [1][]{section.K.1}{\376\377\000K\000.\0001\000\040\123\000\220\037\166\364\176\277\217\320\122\250\166\204\134\004\137\071\123\312\121\166\220\037\136\246\131\047\134\017}{appendix.K}% 114
\BOOKMARK [1][]{section.K.2}{\376\377\000K\000.\0002\000\040\142\233\134\004\127\213\134\004\137\071\166\204\217\320\122\250\147\072\122\066}{appendix.K}% 115
\BOOKMARK [1][]{section.K.3}{\376\377\000K\000.\0003\000\040\160\256\123\360\123\321\134\004\166\204\134\004\137\071\166\204\122\035\220\037\136\246\145\271\124\021}{appendix.K}% 116
\BOOKMARK [1][]{section.K.4}{\376\377\000K\000.\0004\000\040\134\004\137\071\170\260\144\236\173\261\123\312\122\035\131\313\165\037\142\020\117\115\177\156}{appendix.K}% 117
\BOOKMARK [1][]{section.K.5}{\376\377\000K\000.\0005\000\040\133\236\232\214\155\113\133\232\142\233\134\004\134\004\137\071\217\150\217\371}{appendix.K}% 118
\BOOKMARK [0][]{appendix.L}{\376\377\000L\000\040\177\121\172\331\116\343\123\367}{}% 119
\BOOKMARK [0][]{appendix.M}{\376\377\000M\000\040\116\272\124\015\116\343\123\367}{}% 120
